<?xml version="1.0" encoding="UTF-8"?>
<!-- Generated by org.testng.reporters.JUnitReportReporter -->
<testsuite hostname="DESKTOP-I8IV1TH" failures="0" tests="1" name="com.Acttime.Pom.Usageclass" time="12.809" errors="0" timestamp="2023-02-13T09:49:08 IST" skipped="0">
  <testcase classname="com.Acttime.Pom.Usageclass" name="LogintoActtime" time="12.809"/>
  <system-out/>
</testsuite> <!-- com.Acttime.Pom.Usageclass -->
